#! /c/Source/iverilog-install/bin/vvp
:ivl_version "12.0 (devel)" "(s20150603-1539-g2693dd32b)";
:ivl_delay_selection "TYPICAL";
:vpi_time_precision - 7;
:vpi_module "C:\iverilog\lib\ivl\system.vpi";
:vpi_module "C:\iverilog\lib\ivl\vhdl_sys.vpi";
:vpi_module "C:\iverilog\lib\ivl\vhdl_textio.vpi";
:vpi_module "C:\iverilog\lib\ivl\v2005_math.vpi";
:vpi_module "C:\iverilog\lib\ivl\va_math.vpi";
:vpi_module "C:\iverilog\lib\ivl\v2009.vpi";
S_000001073bb4c1c0 .scope package, "$unit" "$unit" 2 1;
 .timescale 0 0;
S_000001073bb4c7b0 .scope module, "testbench" "testbench" 3 3;
 .timescale -5 -7;
P_000001073bb63540 .param/l "BIT_LENGTH" 0 3 6, +C4<0000000000000000000000000000000000000000000000000000000000000100>;
P_000001073bb63578 .param/l "CLK_PERIOD" 0 3 5, +C4<00000000000000000000000000000010>;
enum000001073bba0a80 .enum4 (8)
   "TRASH" 8'b00000000,
   "PATTERN1" 8'b01001100,
   "PATTERN2" 8'b00101101
 ;
v000001073bbfd6a0_0 .var "UART_msg", 7 0;
v000001073bbfd740_0 .var "arstn", 0 0;
v000001073bbfd7e0_0 .var "clk", 0 0;
v000001073bbfd880_0 .var "uart_tx", 0 0;
E_000001073bba1e80 .event anyedge, v000001073bbfd740_0;
S_000001073bb4c940 .scope begin, "$ivl_for_loop0" "$ivl_for_loop0" 3 52, 3 52 0, S_000001073bb4c7b0;
 .timescale -5 -7;
v000001073bb632d0_0 .var/2s "i", 31 0;
E_000001073bba1780 .event posedge, v000001073bbfd7e0_0;
S_000001073bbfd0b0 .scope begin, "$ivl_for_loop1" "$ivl_for_loop1" 3 61, 3 61 0, S_000001073bb4c7b0;
 .timescale -5 -7;
v000001073bb630c0_0 .var/2s "i", 31 0;
S_000001073bbfd240 .scope begin, "$ivl_for_loop2" "$ivl_for_loop2" 3 70, 3 70 0, S_000001073bb4c7b0;
 .timescale -5 -7;
v000001073bbfd3d0_0 .var/2s "i", 31 0;
S_000001073bbfd470 .scope begin, "$ivl_for_loop3" "$ivl_for_loop3" 3 79, 3 79 0, S_000001073bb4c7b0;
 .timescale -5 -7;
v000001073bbfd600_0 .var/2s "i", 31 0;
    .scope S_000001073bb4c7b0;
T_0 ;
    %vpi_call/w 3 27 "$dumpfile", "dump.vcd" {0 0 0};
    %vpi_call/w 3 28 "$dumpvars", 32'sb00000000000000000000000000000000, S_000001073bb4c7b0 {0 0 0};
    %end;
    .thread T_0;
    .scope S_000001073bb4c7b0;
T_1 ;
    %pushi/vec4 0, 0, 1;
    %assign/vec4 v000001073bbfd7e0_0, 0;
T_1.0 ;
    %delay 200, 0;
    %load/vec4 v000001073bbfd7e0_0;
    %inv;
    %assign/vec4 v000001073bbfd7e0_0, 0;
    %jmp T_1.0;
    %end;
    .thread T_1;
    .scope S_000001073bb4c7b0;
T_2 ;
    %pushi/vec4 0, 0, 1;
    %assign/vec4 v000001073bbfd740_0, 0;
    %delay 200, 0;
    %pushi/vec4 1, 0, 1;
    %assign/vec4 v000001073bbfd740_0, 0;
    %end;
    .thread T_2;
    .scope S_000001073bb4c7b0;
T_3 ;
    %pushi/vec4 0, 0, 1;
    %assign/vec4 v000001073bbfd880_0, 0;
T_3.0 ;
    %load/vec4 v000001073bbfd740_0;
    %cmpi/ne 1, 0, 1;
    %jmp/0xz T_3.1, 6;
    %wait E_000001073bba1e80;
    %jmp T_3.0;
T_3.1 ;
    %pushi/vec4 1, 0, 1;
    %assign/vec4 v000001073bbfd880_0, 0;
    %pushi/vec4 76, 0, 8;
    %store/vec4 v000001073bbfd6a0_0, 0, 8;
    %delay 1000, 0;
    %fork t_1, S_000001073bb4c940;
    %jmp t_0;
    .scope S_000001073bb4c940;
t_1 ;
    %pushi/vec4 0, 0, 32;
    %store/vec4 v000001073bb632d0_0, 0, 32;
T_3.2 ;
    %load/vec4 v000001073bb632d0_0;
    %cmpi/s 10, 0, 32;
    %jmp/0xz T_3.3, 5;
    %wait E_000001073bba1780;
    %load/vec4 v000001073bb632d0_0;
    %cmpi/e 0, 0, 32;
    %jmp/0xz  T_3.4, 4;
    %pushi/vec4 0, 0, 1;
    %assign/vec4 v000001073bbfd880_0, 0;
    %jmp T_3.5;
T_3.4 ;
    %load/vec4 v000001073bb632d0_0;
    %cmpi/e 9, 0, 32;
    %jmp/0xz  T_3.6, 4;
    %pushi/vec4 1, 0, 1;
    %assign/vec4 v000001073bbfd880_0, 0;
    %jmp T_3.7;
T_3.6 ;
    %load/vec4 v000001073bbfd6a0_0;
    %load/vec4 v000001073bb632d0_0;
    %subi 1, 0, 32;
    %part/s 1;
    %assign/vec4 v000001073bbfd880_0, 0;
T_3.7 ;
T_3.5 ;
    ; show_stmt_assign_vector: Get l-value for compressed += operand
    %load/vec4 v000001073bb632d0_0;
    %pushi/vec4 1, 0, 32;
    %add;
    %cast2;
    %store/vec4 v000001073bb632d0_0, 0, 32;
    %jmp T_3.2;
T_3.3 ;
    %end;
    .scope S_000001073bb4c7b0;
t_0 %join;
    %pushi/vec4 76, 0, 8;
    %store/vec4 v000001073bbfd6a0_0, 0, 8;
    %delay 1000, 0;
    %fork t_3, S_000001073bbfd0b0;
    %jmp t_2;
    .scope S_000001073bbfd0b0;
t_3 ;
    %pushi/vec4 0, 0, 32;
    %store/vec4 v000001073bb630c0_0, 0, 32;
T_3.8 ;
    %load/vec4 v000001073bb630c0_0;
    %cmpi/s 10, 0, 32;
    %jmp/0xz T_3.9, 5;
    %wait E_000001073bba1780;
    %load/vec4 v000001073bb630c0_0;
    %cmpi/e 0, 0, 32;
    %jmp/0xz  T_3.10, 4;
    %pushi/vec4 0, 0, 1;
    %assign/vec4 v000001073bbfd880_0, 0;
    %jmp T_3.11;
T_3.10 ;
    %load/vec4 v000001073bb630c0_0;
    %cmpi/e 9, 0, 32;
    %jmp/0xz  T_3.12, 4;
    %pushi/vec4 1, 0, 1;
    %assign/vec4 v000001073bbfd880_0, 0;
    %jmp T_3.13;
T_3.12 ;
    %load/vec4 v000001073bbfd6a0_0;
    %load/vec4 v000001073bb630c0_0;
    %subi 1, 0, 32;
    %part/s 1;
    %assign/vec4 v000001073bbfd880_0, 0;
T_3.13 ;
T_3.11 ;
    ; show_stmt_assign_vector: Get l-value for compressed += operand
    %load/vec4 v000001073bb630c0_0;
    %pushi/vec4 1, 0, 32;
    %add;
    %cast2;
    %store/vec4 v000001073bb630c0_0, 0, 32;
    %jmp T_3.8;
T_3.9 ;
    %end;
    .scope S_000001073bb4c7b0;
t_2 %join;
    %pushi/vec4 45, 0, 8;
    %store/vec4 v000001073bbfd6a0_0, 0, 8;
    %delay 1000, 0;
    %fork t_5, S_000001073bbfd240;
    %jmp t_4;
    .scope S_000001073bbfd240;
t_5 ;
    %pushi/vec4 0, 0, 32;
    %store/vec4 v000001073bbfd3d0_0, 0, 32;
T_3.14 ;
    %load/vec4 v000001073bbfd3d0_0;
    %cmpi/s 10, 0, 32;
    %jmp/0xz T_3.15, 5;
    %wait E_000001073bba1780;
    %load/vec4 v000001073bbfd3d0_0;
    %cmpi/e 0, 0, 32;
    %jmp/0xz  T_3.16, 4;
    %pushi/vec4 0, 0, 1;
    %assign/vec4 v000001073bbfd880_0, 0;
    %jmp T_3.17;
T_3.16 ;
    %load/vec4 v000001073bbfd3d0_0;
    %cmpi/e 9, 0, 32;
    %jmp/0xz  T_3.18, 4;
    %pushi/vec4 1, 0, 1;
    %assign/vec4 v000001073bbfd880_0, 0;
    %jmp T_3.19;
T_3.18 ;
    %load/vec4 v000001073bbfd6a0_0;
    %load/vec4 v000001073bbfd3d0_0;
    %subi 1, 0, 32;
    %part/s 1;
    %assign/vec4 v000001073bbfd880_0, 0;
T_3.19 ;
T_3.17 ;
    ; show_stmt_assign_vector: Get l-value for compressed += operand
    %load/vec4 v000001073bbfd3d0_0;
    %pushi/vec4 1, 0, 32;
    %add;
    %cast2;
    %store/vec4 v000001073bbfd3d0_0, 0, 32;
    %jmp T_3.14;
T_3.15 ;
    %end;
    .scope S_000001073bb4c7b0;
t_4 %join;
    %pushi/vec4 76, 0, 8;
    %store/vec4 v000001073bbfd6a0_0, 0, 8;
    %delay 1000, 0;
    %fork t_7, S_000001073bbfd470;
    %jmp t_6;
    .scope S_000001073bbfd470;
t_7 ;
    %pushi/vec4 0, 0, 32;
    %store/vec4 v000001073bbfd600_0, 0, 32;
T_3.20 ;
    %load/vec4 v000001073bbfd600_0;
    %cmpi/s 10, 0, 32;
    %jmp/0xz T_3.21, 5;
    %wait E_000001073bba1780;
    %load/vec4 v000001073bbfd600_0;
    %cmpi/e 0, 0, 32;
    %jmp/0xz  T_3.22, 4;
    %pushi/vec4 0, 0, 1;
    %assign/vec4 v000001073bbfd880_0, 0;
    %jmp T_3.23;
T_3.22 ;
    %load/vec4 v000001073bbfd600_0;
    %cmpi/e 9, 0, 32;
    %jmp/0xz  T_3.24, 4;
    %pushi/vec4 1, 0, 1;
    %assign/vec4 v000001073bbfd880_0, 0;
    %jmp T_3.25;
T_3.24 ;
    %load/vec4 v000001073bbfd6a0_0;
    %pushi/vec4 7, 0, 32;
    %load/vec4 v000001073bbfd600_0;
    %subi 1, 0, 32;
    %sub;
    %part/s 1;
    %assign/vec4 v000001073bbfd880_0, 0;
T_3.25 ;
T_3.23 ;
    ; show_stmt_assign_vector: Get l-value for compressed += operand
    %load/vec4 v000001073bbfd600_0;
    %pushi/vec4 1, 0, 32;
    %add;
    %cast2;
    %store/vec4 v000001073bbfd600_0, 0, 32;
    %jmp T_3.20;
T_3.21 ;
    %end;
    .scope S_000001073bb4c7b0;
t_6 %join;
    %vpi_call/w 3 86 "$stop" {0 0 0};
    %end;
    .thread T_3;
# The file index is used to find the file name in the following table.
:file_names 4;
    "N/A";
    "<interactive>";
    "-";
    "testbench.sv";
